<?xml version="1.0" encoding="UTF-8"?>
<!-- Generated by org.testng.reporters.JUnitReportReporter -->
<testsuite skipped="0" hostname="A2ML29058" name="com.Infrahedge.Scripts.ModelAssestsVolatility" tests="1" failures="0" timestamp="08 Apr 2019 09:48:43 GMT" time="822.341" errors="1">
  <testcase name="fecthModelAssets" time="822.341" classname="com.Infrahedge.Scripts.ModelAssestsVolatility">
    <error type="org.openqa.selenium.WebDriverException" message="unknown error: Element &lt;td ng-repeat=&quot;cell in row.cells&quot; class=&quot;qv-st-data-cell ng-scope qv-st-data-cell-dimension-value&quot; rowspan=&quot;1&quot; colspan=&quot;2&quot; headers=&quot;MUTAwKEK-header-12&quot; qv-focusable-cell=&quot;{ area: TABLE_AREA.DATA }&quot; ng-style=&quot;!cell.selected &amp;amp;&amp;amp; !cell.selectedHighlighted &amp;amp;&amp;amp; cell.style&quot; ng-class=&quot;{ &#039;qv-st-data-cell-dimension-value&#039; : cell.isDimensionValue,
						&#039;qv-st-data-cell-hidden&#039;: cell.hidden,
						&#039;qv-st-data-cell-numeric&#039;: cell.isNumeric,
						&#039;qv-st-data-cell-selected&#039;: cell.selected,
						&#039;qv-st-data-cell-selected-highlighted&#039;: cell.selectedHighlighted,
						&#039;qv-st-data-cell-null-value&#039;: cell.isNullValue,
						&#039;qv-st-data-cell-locked&#039;: cell.isSelectLocked,
						&#039;qv-st-data-cell-color-dark&#039;: cell.color.bgByExpression &amp;amp;&amp;amp; !cell.color.bgIsDark,
						&#039;qv-st-data-cell-color-light&#039;: cell.color.bgByExpression &amp;amp;&amp;amp; cell.color.bgIsDark,
						&#039;qv-st-data-cell-column-highlighted&#039;: cell.columnHighlighted,
						&#039;qv-st-reordering-column&#039;: cell.dataColIx === reorderingColumn.dataColIx
					}&quot; tabindex=&quot;-1&quot; style=&quot;color: rgb(26, 177, 227); pointer-events: auto;&quot;&gt;...&lt;/td&gt; is not clickable at point (572, 555). Other element would receive the click: &lt;div class=&quot;qv-st-value-overflow&quot; ng-class=&quot;{ &#039;qv-rtl-text&#039;: cell.isRtl }&quot;&gt;...&lt;/div&gt;
  (Session info: chrome=73.0.3683.86)
  (Driver info: chromedriver=2.42.591088 (7b2b2dca23cca0862f674758c9a3933e685c27d5),platform=Windows NT 10.0.16299 x86_64) (WARNING: The server did not provide any stacktrace information)
Command duration or timeout: 0 milliseconds
Build info: version: &#039;3.12.0&#039;, revision: &#039;7c6e0b3&#039;, time: &#039;2018-05-08T14:04:26.12Z&#039;
System info: host: &#039;A2ML29058&#039;, ip: &#039;172.23.99.4&#039;, os.name: &#039;Windows 10&#039;, os.arch: &#039;amd64&#039;, os.version: &#039;10.0&#039;, java.version: &#039;1.8.0_181&#039;
Driver info: org.openqa.selenium.chrome.ChromeDriver
Capabilities {acceptInsecureCerts: false, acceptSslCerts: false, applicationCacheEnabled: false, browserConnectionEnabled: false, browserName: chrome, chrome: {chromedriverVersion: 2.42.591088 (7b2b2dca23cca0..., userDataDir: C:\Users\m1048367\AppData\L...}, cssSelectorsEnabled: true, databaseEnabled: false, goog:chromeOptions: {debuggerAddress: localhost:50616}, handlesAlerts: true, hasTouchScreen: false, javascriptEnabled: true, locationContextEnabled: true, mobileEmulationEnabled: false, nativeEvents: true, networkConnectionEnabled: false, pageLoadStrategy: normal, platform: XP, platformName: XP, rotatable: false, setWindowRect: true, takesHeapSnapshot: true, takesScreenshot: true, unexpectedAlertBehaviour: , unhandledPromptBehavior: , version: 73.0.3683.86, webStorageEnabled: true}
Session ID: a68ef4e7e0a7e4ee4106409c41e6bddc">
      <![CDATA[org.openqa.selenium.WebDriverException: unknown error: Element <td ng-repeat="cell in row.cells" class="qv-st-data-cell ng-scope qv-st-data-cell-dimension-value" rowspan="1" colspan="2" headers="MUTAwKEK-header-12" qv-focusable-cell="{ area: TABLE_AREA.DATA }" ng-style="!cell.selected &amp;&amp; !cell.selectedHighlighted &amp;&amp; cell.style" ng-class="{ 'qv-st-data-cell-dimension-value' : cell.isDimensionValue,
'qv-st-data-cell-hidden': cell.hidden,
'qv-st-data-cell-numeric': cell.isNumeric,
'qv-st-data-cell-selected': cell.selected,
'qv-st-data-cell-selected-highlighted': cell.selectedHighlighted,
'qv-st-data-cell-null-value': cell.isNullValue,
'qv-st-data-cell-locked': cell.isSelectLocked,
'qv-st-data-cell-color-dark': cell.color.bgByExpression &amp;&amp; !cell.color.bgIsDark,
'qv-st-data-cell-color-light': cell.color.bgByExpression &amp;&amp; cell.color.bgIsDark,
'qv-st-data-cell-column-highlighted': cell.columnHighlighted,
'qv-st-reordering-column': cell.dataColIx === reorderingColumn.dataColIx
}" tabindex="-1" style="color: rgb(26, 177, 227); pointer-events: auto;">...</td> is not clickable at point (572, 555). Other element would receive the click: <div class="qv-st-value-overflow" ng-class="{ 'qv-rtl-text': cell.isRtl }">...</div>
  (Session info: chrome=73.0.3683.86)
  (Driver info: chromedriver=2.42.591088 (7b2b2dca23cca0862f674758c9a3933e685c27d5),platform=Windows NT 10.0.16299 x86_64) (WARNING: The server did not provide any stacktrace information)
Command duration or timeout: 0 milliseconds
Build info: version: '3.12.0', revision: '7c6e0b3', time: '2018-05-08T14:04:26.12Z'
System info: host: 'A2ML29058', ip: '172.23.99.4', os.name: 'Windows 10', os.arch: 'amd64', os.version: '10.0', java.version: '1.8.0_181'
Driver info: org.openqa.selenium.chrome.ChromeDriver
Capabilities {acceptInsecureCerts: false, acceptSslCerts: false, applicationCacheEnabled: false, browserConnectionEnabled: false, browserName: chrome, chrome: {chromedriverVersion: 2.42.591088 (7b2b2dca23cca0..., userDataDir: C:\Users\m1048367\AppData\L...}, cssSelectorsEnabled: true, databaseEnabled: false, goog:chromeOptions: {debuggerAddress: localhost:50616}, handlesAlerts: true, hasTouchScreen: false, javascriptEnabled: true, locationContextEnabled: true, mobileEmulationEnabled: false, nativeEvents: true, networkConnectionEnabled: false, pageLoadStrategy: normal, platform: XP, platformName: XP, rotatable: false, setWindowRect: true, takesHeapSnapshot: true, takesScreenshot: true, unexpectedAlertBehaviour: , unhandledPromptBehavior: , version: 73.0.3683.86, webStorageEnabled: true}
Session ID: a68ef4e7e0a7e4ee4106409c41e6bddc
at sun.reflect.NativeConstructorAccessorImpl.newInstance0(Native Method)
at sun.reflect.NativeConstructorAccessorImpl.newInstance(Unknown Source)
at sun.reflect.DelegatingConstructorAccessorImpl.newInstance(Unknown Source)
at java.lang.reflect.Constructor.newInstance(Unknown Source)
at org.openqa.selenium.remote.ErrorHandler.createThrowable(ErrorHandler.java:214)
at org.openqa.selenium.remote.ErrorHandler.throwIfResponseFailed(ErrorHandler.java:166)
at org.openqa.selenium.remote.http.JsonHttpResponseCodec.reconstructValue(JsonHttpResponseCodec.java:40)
at org.openqa.selenium.remote.http.AbstractHttpResponseCodec.decode(AbstractHttpResponseCodec.java:80)
at org.openqa.selenium.remote.http.AbstractHttpResponseCodec.decode(AbstractHttpResponseCodec.java:44)
at org.openqa.selenium.remote.HttpCommandExecutor.execute(HttpCommandExecutor.java:158)
at org.openqa.selenium.remote.service.DriverCommandExecutor.execute(DriverCommandExecutor.java:83)
at org.openqa.selenium.remote.RemoteWebDriver.execute(RemoteWebDriver.java:543)
at org.openqa.selenium.remote.RemoteWebElement.execute(RemoteWebElement.java:276)
at org.openqa.selenium.remote.RemoteWebElement.click(RemoteWebElement.java:83)
at com.Infrahedge.Scripts.ModelAssestsVolatility.readassetSubAssetValue(ModelAssestsVolatility.java:68)
at com.Infrahedge.Scripts.ModelAssestsVolatility.fecthModelAssets(ModelAssestsVolatility.java:186)
at sun.reflect.NativeMethodAccessorImpl.invoke0(Native Method)
at sun.reflect.NativeMethodAccessorImpl.invoke(Unknown Source)
at sun.reflect.DelegatingMethodAccessorImpl.invoke(Unknown Source)
at java.lang.reflect.Method.invoke(Unknown Source)
at org.testng.internal.MethodInvocationHelper.invokeMethod(MethodInvocationHelper.java:124)
at org.testng.internal.Invoker.invokeMethod(Invoker.java:580)
at org.testng.internal.Invoker.invokeTestMethod(Invoker.java:716)
at org.testng.internal.Invoker.invokeTestMethods(Invoker.java:988)
at org.testng.internal.TestMethodWorker.invokeTestMethods(TestMethodWorker.java:125)
at org.testng.internal.TestMethodWorker.run(TestMethodWorker.java:109)
at org.testng.TestRunner.privateRun(TestRunner.java:648)
at org.testng.TestRunner.run(TestRunner.java:505)
at org.testng.SuiteRunner.runTest(SuiteRunner.java:455)
at org.testng.SuiteRunner.runSequentially(SuiteRunner.java:450)
at org.testng.SuiteRunner.privateRun(SuiteRunner.java:415)
at org.testng.SuiteRunner.run(SuiteRunner.java:364)
at org.testng.SuiteRunnerWorker.runSuite(SuiteRunnerWorker.java:52)
at org.testng.SuiteRunnerWorker.run(SuiteRunnerWorker.java:84)
at org.testng.TestNG.runSuitesSequentially(TestNG.java:1208)
at org.testng.TestNG.runSuitesLocally(TestNG.java:1137)
at org.testng.TestNG.runSuites(TestNG.java:1049)
at org.testng.TestNG.run(TestNG.java:1017)
at org.testng.remote.AbstractRemoteTestNG.run(AbstractRemoteTestNG.java:114)
at org.testng.remote.RemoteTestNG.initAndRun(RemoteTestNG.java:251)
at org.testng.remote.RemoteTestNG.main(RemoteTestNG.java:77)
]]>
    </error>
  </testcase> <!-- fecthModelAssets -->
</testsuite> <!-- com.Infrahedge.Scripts.ModelAssestsVolatility -->
